<?xml version="1.0" encoding="UTF-8"?>
<!-- Generated by org.testng.reporters.JUnitXMLReporter -->
<testsuite ignored="3" hostname="DESKTOP-N2T4CKF" failures="0" tests="1" name="Default test" time="0.728" errors="0" timestamp="2023-03-09T23:54:14 EST">
  <testcase classname="misc.JsonPathExample" name="jsonPathGetList" time="0.701"/>
  <testcase classname="misc.JsonPathExample" name="jsonPathGetMap" time="0.0">
    <ignored/>
  </testcase> <!-- jsonPathGetMap -->
  <testcase classname="misc.JsonPathExample" name="jsonPathWildCard" time="0.0">
    <ignored/>
  </testcase> <!-- jsonPathWildCard -->
  <testcase classname="misc.JsonPathExample" name="jsonPathGetDouble" time="0.0">
    <ignored/>
  </testcase> <!-- jsonPathGetDouble -->
</testsuite> <!-- Default test -->
