<?xml version="1.0" encoding="UTF-8"?>
<testng-results ignored="3" total="4" passed="1" failed="0" skipped="0">
  <reporter-output>
  </reporter-output>
  <suite started-at="2023-03-09T23:54:14 EST" name="Default suite" finished-at="2023-03-09T23:54:14 EST" duration-ms="728">
    <groups>
    </groups>
    <test started-at="2023-03-09T23:54:14 EST" name="Default test" finished-at="2023-03-09T23:54:14 EST" duration-ms="728">
      <class name="misc.JsonPathExample">
        <test-method is-config="true" signature="init()[pri:0, instance:misc.JsonPathExample@6631f5ca]" started-at="2023-03-09T23:54:14 EST" name="init" finished-at="2023-03-09T23:54:14 EST" duration-ms="5" status="PASS">
          <reporter-output>
          </reporter-output>
        </test-method> <!-- init -->
        <test-method signature="jsonPathGetList()[pri:0, instance:misc.JsonPathExample@6631f5ca]" started-at="2023-03-09T23:54:14 EST" name="jsonPathGetList" finished-at="2023-03-09T23:54:14 EST" duration-ms="701" status="PASS">
          <reporter-output>
          </reporter-output>
        </test-method> <!-- jsonPathGetList -->
      </class> <!-- misc.JsonPathExample -->
    </test> <!-- Default test -->
  </suite> <!-- Default suite -->
</testng-results>
